# JRE version: OpenJDK Runtime Environment (8.0_212-b04) (build 1.8.0_212-release-1586-b04)
# Java VM: OpenJDK 64-Bit Server VM (25.212-b04 mixed mode windows-amd64 compressed oops)
Heap:
 PSYoungGen      total 196096K, used 57028K [0x00000000e0000000, 0x00000000ef500000, 0x0000000100000000)
  eden space 177152K, 23% used [0x00000000e0000000,0x00000000e28921e8,0x00000000ead00000)
  from space 18944K, 81% used [0x00000000ead00000,0x00000000ebc1ef88,0x00000000ebf80000)
  to   space 20480K, 0% used [0x00000000ee100000,0x00000000ee100000,0x00000000ef500000)
 ParOldGen       total 132096K, used 32588K [0x00000000a0000000, 0x00000000a8100000, 0x00000000e0000000)
  object space 132096K, 24% used [0x00000000a0000000,0x00000000a1fd32b0,0x00000000a8100000)
 Metaspace       used 68663K, capacity 71996K, committed 72216K, reserved 1112064K
  class space    used 9303K, capacity 9977K, committed 10008K, reserved 1048576K
GC Heap History (10 events):
Event: 13.480 GC heap before
{Heap before GC invocations=12 (full 2):
 PSYoungGen      total 119296K, used 107520K [0x00000000e0000000, 0x00000000eae00000, 0x0000000100000000)
  eden space 107520K, 100% used [0x00000000e0000000,0x00000000e6900000,0x00000000e6900000)
  from space 11776K, 0% used [0x00000000e6900000,0x00000000e6900000,0x00000000e7480000)
  to   space 12800K, 0% used [0x00000000ea180000,0x00000000ea180000,0x00000000eae00000)
 ParOldGen       total 88064K, used 18258K [0x00000000a0000000, 0x00000000a5600000, 0x00000000e0000000)
  object space 88064K, 20% used [0x00000000a0000000,0x00000000a11d4af8,0x00000000a5600000)
 Metaspace       used 44167K, capacity 45410K, committed 45480K, reserved 1089536K
  class space    used 5984K, capacity 6292K, committed 6312K, reserved 1048576K
Event: 13.514 GC heap after
Heap after GC invocations=12 (full 2):
 PSYoungGen      total 151040K, used 12772K [0x00000000e0000000, 0x00000000eae00000, 0x0000000100000000)
  eden space 138240K, 0% used [0x00000000e0000000,0x00000000e0000000,0x00000000e8700000)
  from space 12800K, 99% used [0x00000000ea180000,0x00000000eadf93a8,0x00000000eae00000)
  to   space 14336K, 0% used [0x00000000e9200000,0x00000000e9200000,0x00000000ea000000)
 ParOldGen       total 88064K, used 18322K [0x00000000a0000000, 0x00000000a5600000, 0x00000000e0000000)
  object space 88064K, 20% used [0x00000000a0000000,0x00000000a11e4b18,0x00000000a5600000)
 Metaspace       used 44167K, capacity 45410K, committed 45480K, reserved 1089536K
  class space    used 5984K, capacity 6292K, committed 6312K, reserved 1048576K
}
Event: 16.589 GC heap before
{Heap before GC invocations=13 (full 2):
 PSYoungGen      total 151040K, used 151012K [0x00000000e0000000, 0x00000000eae00000, 0x0000000100000000)
  eden space 138240K, 100% used [0x00000000e0000000,0x00000000e8700000,0x00000000e8700000)
  from space 12800K, 99% used [0x00000000ea180000,0x00000000eadf93a8,0x00000000eae00000)
  to   space 14336K, 0% used [0x00000000e9200000,0x00000000e9200000,0x00000000ea000000)
 ParOldGen       total 88064K, used 18322K [0x00000000a0000000, 0x00000000a5600000, 0x00000000e0000000)
  object space 88064K, 20% used [0x00000000a0000000,0x00000000a11e4b18,0x00000000a5600000)
 Metaspace       used 54730K, capacity 56648K, committed 57000K, reserved 1097728K
  class space    used 7551K, capacity 7999K, committed 8104K, reserved 1048576K
Event: 16.630 GC heap after
Heap after GC invocations=13 (full 2):
 PSYoungGen      total 163840K, used 14321K [0x00000000e0000000, 0x00000000ed200000, 0x0000000100000000)
  eden space 149504K, 0% used [0x00000000e0000000,0x00000000e0000000,0x00000000e9200000)
  from space 14336K, 99% used [0x00000000e9200000,0x00000000e9ffc708,0x00000000ea000000)
  to   space 18944K, 0% used [0x00000000ebf80000,0x00000000ebf80000,0x00000000ed200000)
 ParOldGen       total 88064K, used 25654K [0x00000000a0000000, 0x00000000a5600000, 0x00000000e0000000)
  object space 88064K, 29% used [0x00000000a0000000,0x00000000a190dbd8,0x00000000a5600000)
 Metaspace       used 54730K, capacity 56648K, committed 57000K, reserved 1097728K
  class space    used 7551K, capacity 7999K, committed 8104K, reserved 1048576K
}
Event: 17.874 GC heap before
{Heap before GC invocations=14 (full 2):
 PSYoungGen      total 163840K, used 65240K [0x00000000e0000000, 0x00000000ed200000, 0x0000000100000000)
  eden space 149504K, 34% used [0x00000000e0000000,0x00000000e31b9b50,0x00000000e9200000)
  from space 14336K, 99% used [0x00000000e9200000,0x00000000e9ffc708,0x00000000ea000000)
  to   space 18944K, 0% used [0x00000000ebf80000,0x00000000ebf80000,0x00000000ed200000)
 ParOldGen       total 88064K, used 25654K [0x00000000a0000000, 0x00000000a5600000, 0x00000000e0000000)
  object space 88064K, 29% used [0x00000000a0000000,0x00000000a190dbd8,0x00000000a5600000)
 Metaspace       used 57032K, capacity 59064K, committed 59160K, reserved 1099776K
  class space    used 7948K, capacity 8422K, committed 8472K, reserved 1048576K
Event: 17.889 GC heap after
Heap after GC invocations=14 (full 2):
 PSYoungGen      total 196096K, used 3815K [0x00000000e0000000, 0x00000000edf80000, 0x0000000100000000)
  eden space 177152K, 0% used [0x00000000e0000000,0x00000000e0000000,0x00000000ead00000)
  from space 18944K, 20% used [0x00000000ebf80000,0x00000000ec339cb8,0x00000000ed200000)
  to   space 18944K, 0% used [0x00000000ead00000,0x00000000ead00000,0x00000000ebf80000)
 ParOldGen       total 88064K, used 33504K [0x00000000a0000000, 0x00000000a5600000, 0x00000000e0000000)
  object space 88064K, 38% used [0x00000000a0000000,0x00000000a20b8228,0x00000000a5600000)
 Metaspace       used 57032K, capacity 59064K, committed 59160K, reserved 1099776K
  class space    used 7948K, capacity 8422K, committed 8472K, reserved 1048576K
}
Event: 17.889 GC heap before
{Heap before GC invocations=15 (full 3):
 PSYoungGen      total 196096K, used 3815K [0x00000000e0000000, 0x00000000edf80000, 0x0000000100000000)
  eden space 177152K, 0% used [0x00000000e0000000,0x00000000e0000000,0x00000000ead00000)
  from space 18944K, 20% used [0x00000000ebf80000,0x00000000ec339cb8,0x00000000ed200000)
  to   space 18944K, 0% used [0x00000000ead00000,0x00000000ead00000,0x00000000ebf80000)
 ParOldGen       total 88064K, used 33504K [0x00000000a0000000, 0x00000000a5600000, 0x00000000e0000000)
  object space 88064K, 38% used [0x00000000a0000000,0x00000000a20b8228,0x00000000a5600000)
 Metaspace       used 57032K, capacity 59064K, committed 59160K, reserved 1099776K
  class space    used 7948K, capacity 8422K, committed 8472K, reserved 1048576K
Event: 18.229 GC heap after
Heap after GC invocations=15 (full 3):
 PSYoungGen      total 196096K, used 0K [0x00000000e0000000, 0x00000000edf80000, 0x0000000100000000)
  eden space 177152K, 0% used [0x00000000e0000000,0x00000000e0000000,0x00000000ead00000)
  from space 18944K, 0% used [0x00000000ebf80000,0x00000000ebf80000,0x00000000ed200000)
  to   space 18944K, 0% used [0x00000000ead00000,0x00000000ead00000,0x00000000ebf80000)
 ParOldGen       total 132096K, used 32580K [0x00000000a0000000, 0x00000000a8100000, 0x00000000e0000000)
  object space 132096K, 24% used [0x00000000a0000000,0x00000000a1fd12b0,0x00000000a8100000)
 Metaspace       used 56997K, capacity 58944K, committed 59160K, reserved 1099776K
  class space    used 7937K, capacity 8402K, committed 8472K, reserved 1048576K
}
Event: 21.717 GC heap before
{Heap before GC invocations=16 (full 3):
 PSYoungGen      total 196096K, used 177152K [0x00000000e0000000, 0x00000000edf80000, 0x0000000100000000)
  eden space 177152K, 100% used [0x00000000e0000000,0x00000000ead00000,0x00000000ead00000)
  from space 18944K, 0% used [0x00000000ebf80000,0x00000000ebf80000,0x00000000ed200000)
  to   space 18944K, 0% used [0x00000000ead00000,0x00000000ead00000,0x00000000ebf80000)
 ParOldGen       total 132096K, used 32580K [0x00000000a0000000, 0x00000000a8100000, 0x00000000e0000000)
  object space 132096K, 24% used [0x00000000a0000000,0x00000000a1fd12b0,0x00000000a8100000)
 Metaspace       used 65095K, capacity 68290K, committed 68376K, reserved 1107968K
  class space    used 9039K, capacity 9712K, committed 9752K, reserved 1048576K
Event: 21.738 GC heap after
Heap after GC invocations=16 (full 3):
 PSYoungGen      total 196096K, used 15483K [0x00000000e0000000, 0x00000000ef500000, 0x0000000100000000)
  eden space 177152K, 0% used [0x00000000e0000000,0x00000000e0000000,0x00000000ead00000)
  from space 18944K, 81% used [0x00000000ead00000,0x00000000ebc1ef88,0x00000000ebf80000)
  to   space 20480K, 0% used [0x00000000ee100000,0x00000000ee100000,0x00000000ef500000)
 ParOldGen       total 132096K, used 32588K [0x00000000a0000000, 0x00000000a8100000, 0x00000000e0000000)
  object space 132096K, 24% used [0x00000000a0000000,0x00000000a1fd32b0,0x00000000a8100000)
 Metaspace       used 65095K, capacity 68290K, committed 68376K, reserved 1107968K
  class space    used 9039K, capacity 9712K, committed 9752K, reserved 1048576K
}

