# JRE version: OpenJDK Runtime Environment (8.0_212-b04) (build 1.8.0_212-release-1586-b04)
# Java VM: OpenJDK 64-Bit Server VM (25.212-b04 mixed mode windows-amd64 compressed oops)
Heap:
 PSYoungGen      total 149504K, used 42757K [0x00000000e0000000, 0x00000000ea580000, 0x0000000100000000)
  eden space 137216K, 22% used [0x00000000e0000000,0x00000000e1dc36d0,0x00000000e8600000)
  from space 12288K, 99% used [0x00000000e9980000,0x00000000ea57dea8,0x00000000ea580000)
  to   space 14848K, 0% used [0x00000000e8880000,0x00000000e8880000,0x00000000e9700000)
 ParOldGen       total 89088K, used 19037K [0x00000000a0000000, 0x00000000a5700000, 0x00000000e0000000)
  object space 89088K, 21% used [0x00000000a0000000,0x00000000a1297440,0x00000000a5700000)
 Metaspace       used 47518K, capacity 48726K, committed 49024K, reserved 1091584K
  class space    used 6355K, capacity 6670K, committed 6784K, reserved 1048576K
GC Heap History (10 events):
Event: 3.790 GC heap before
{Heap before GC invocations=8 (full 1):
 PSYoungGen      total 75776K, used 65024K [0x00000000e0000000, 0x00000000e5600000, 0x0000000100000000)
  eden space 65024K, 100% used [0x00000000e0000000,0x00000000e3f80000,0x00000000e3f80000)
  from space 10752K, 0% used [0x00000000e4a80000,0x00000000e4a80000,0x00000000e5500000)
  to   space 11264K, 0% used [0x00000000e3f80000,0x00000000e3f80000,0x00000000e4a80000)
 ParOldGen       total 58880K, used 9485K [0x00000000a0000000, 0x00000000a3980000, 0x00000000e0000000)
  object space 58880K, 16% used [0x00000000a0000000,0x00000000a0943658,0x00000000a3980000)
 Metaspace       used 29049K, capacity 29570K, committed 29696K, reserved 1075200K
  class space    used 3911K, capacity 4069K, committed 4096K, reserved 1048576K
Event: 3.797 GC heap after
Heap after GC invocations=8 (full 1):
 PSYoungGen      total 76288K, used 8127K [0x00000000e0000000, 0x00000000e7e00000, 0x0000000100000000)
  eden space 65024K, 0% used [0x00000000e0000000,0x00000000e0000000,0x00000000e3f80000)
  from space 11264K, 72% used [0x00000000e3f80000,0x00000000e476fdf0,0x00000000e4a80000)
  to   space 11776K, 0% used [0x00000000e7280000,0x00000000e7280000,0x00000000e7e00000)
 ParOldGen       total 58880K, used 9493K [0x00000000a0000000, 0x00000000a3980000, 0x00000000e0000000)
  object space 58880K, 16% used [0x00000000a0000000,0x00000000a0945658,0x00000000a3980000)
 Metaspace       used 29049K, capacity 29570K, committed 29696K, reserved 1075200K
  class space    used 3911K, capacity 4069K, committed 4096K, reserved 1048576K
}
Event: 4.379 GC heap before
{Heap before GC invocations=9 (full 1):
 PSYoungGen      total 76288K, used 73151K [0x00000000e0000000, 0x00000000e7e00000, 0x0000000100000000)
  eden space 65024K, 100% used [0x00000000e0000000,0x00000000e3f80000,0x00000000e3f80000)
  from space 11264K, 72% used [0x00000000e3f80000,0x00000000e476fdf0,0x00000000e4a80000)
  to   space 11776K, 0% used [0x00000000e7280000,0x00000000e7280000,0x00000000e7e00000)
 ParOldGen       total 58880K, used 9493K [0x00000000a0000000, 0x00000000a3980000, 0x00000000e0000000)
  object space 58880K, 16% used [0x00000000a0000000,0x00000000a0945658,0x00000000a3980000)
 Metaspace       used 32066K, capacity 32576K, committed 32768K, reserved 1077248K
  class space    used 4397K, capacity 4559K, committed 4608K, reserved 1048576K
Event: 4.390 GC heap after
Heap after GC invocations=9 (full 1):
 PSYoungGen      total 117248K, used 8488K [0x00000000e0000000, 0x00000000e7e80000, 0x0000000100000000)
  eden space 105472K, 0% used [0x00000000e0000000,0x00000000e0000000,0x00000000e6700000)
  from space 11776K, 72% used [0x00000000e7280000,0x00000000e7aca2b8,0x00000000e7e00000)
  to   space 11776K, 0% used [0x00000000e6700000,0x00000000e6700000,0x00000000e7280000)
 ParOldGen       total 58880K, used 9501K [0x00000000a0000000, 0x00000000a3980000, 0x00000000e0000000)
  object space 58880K, 16% used [0x00000000a0000000,0x00000000a0947658,0x00000000a3980000)
 Metaspace       used 32066K, capacity 32576K, committed 32768K, reserved 1077248K
  class space    used 4397K, capacity 4559K, committed 4608K, reserved 1048576K
}
Event: 4.966 GC heap before
{Heap before GC invocations=10 (full 1):
 PSYoungGen      total 117248K, used 68119K [0x00000000e0000000, 0x00000000e7e80000, 0x0000000100000000)
  eden space 105472K, 56% used [0x00000000e0000000,0x00000000e3a3b9b0,0x00000000e6700000)
  from space 11776K, 72% used [0x00000000e7280000,0x00000000e7aca2b8,0x00000000e7e00000)
  to   space 11776K, 0% used [0x00000000e6700000,0x00000000e6700000,0x00000000e7280000)
 ParOldGen       total 58880K, used 9501K [0x00000000a0000000, 0x00000000a3980000, 0x00000000e0000000)
  object space 58880K, 16% used [0x00000000a0000000,0x00000000a0947658,0x00000000a3980000)
 Metaspace       used 34573K, capacity 35396K, committed 35456K, reserved 1079296K
  class space    used 4756K, capacity 4977K, committed 4992K, reserved 1048576K
Event: 4.974 GC heap after
Heap after GC invocations=10 (full 1):
 PSYoungGen      total 117248K, used 9859K [0x00000000e0000000, 0x00000000ea580000, 0x0000000100000000)
  eden space 105472K, 0% used [0x00000000e0000000,0x00000000e0000000,0x00000000e6700000)
  from space 11776K, 83% used [0x00000000e6700000,0x00000000e70a0e98,0x00000000e7280000)
  to   space 12288K, 0% used [0x00000000e9980000,0x00000000e9980000,0x00000000ea580000)
 ParOldGen       total 58880K, used 9509K [0x00000000a0000000, 0x00000000a3980000, 0x00000000e0000000)
  object space 58880K, 16% used [0x00000000a0000000,0x00000000a0949658,0x00000000a3980000)
 Metaspace       used 34573K, capacity 35396K, committed 35456K, reserved 1079296K
  class space    used 4756K, capacity 4977K, committed 4992K, reserved 1048576K
}
Event: 4.974 GC heap before
{Heap before GC invocations=11 (full 2):
 PSYoungGen      total 117248K, used 9859K [0x00000000e0000000, 0x00000000ea580000, 0x0000000100000000)
  eden space 105472K, 0% used [0x00000000e0000000,0x00000000e0000000,0x00000000e6700000)
  from space 11776K, 83% used [0x00000000e6700000,0x00000000e70a0e98,0x00000000e7280000)
  to   space 12288K, 0% used [0x00000000e9980000,0x00000000e9980000,0x00000000ea580000)
 ParOldGen       total 58880K, used 9509K [0x00000000a0000000, 0x00000000a3980000, 0x00000000e0000000)
  object space 58880K, 16% used [0x00000000a0000000,0x00000000a0949658,0x00000000a3980000)
 Metaspace       used 34573K, capacity 35396K, committed 35456K, reserved 1079296K
  class space    used 4756K, capacity 4977K, committed 4992K, reserved 1048576K
Event: 5.016 GC heap after
Heap after GC invocations=11 (full 2):
 PSYoungGen      total 117248K, used 0K [0x00000000e0000000, 0x00000000ea580000, 0x0000000100000000)
  eden space 105472K, 0% used [0x00000000e0000000,0x00000000e0000000,0x00000000e6700000)
  from space 11776K, 0% used [0x00000000e6700000,0x00000000e6700000,0x00000000e7280000)
  to   space 12288K, 0% used [0x00000000e9980000,0x00000000e9980000,0x00000000ea580000)
 ParOldGen       total 89088K, used 16686K [0x00000000a0000000, 0x00000000a5700000, 0x00000000e0000000)
  object space 89088K, 18% used [0x00000000a0000000,0x00000000a104bba8,0x00000000a5700000)
 Metaspace       used 34540K, capacity 35288K, committed 35456K, reserved 1079296K
  class space    used 4746K, capacity 4959K, committed 4992K, reserved 1048576K
}
Event: 6.128 GC heap before
{Heap before GC invocations=12 (full 2):
 PSYoungGen      total 117248K, used 105472K [0x00000000e0000000, 0x00000000ea580000, 0x0000000100000000)
  eden space 105472K, 100% used [0x00000000e0000000,0x00000000e6700000,0x00000000e6700000)
  from space 11776K, 0% used [0x00000000e6700000,0x00000000e6700000,0x00000000e7280000)
  to   space 12288K, 0% used [0x00000000e9980000,0x00000000e9980000,0x00000000ea580000)
 ParOldGen       total 89088K, used 16686K [0x00000000a0000000, 0x00000000a5700000, 0x00000000e0000000)
  object space 89088K, 18% used [0x00000000a0000000,0x00000000a104bba8,0x00000000a5700000)
 Metaspace       used 45073K, capacity 46150K, committed 46336K, reserved 1089536K
  class space    used 6053K, capacity 6351K, committed 6400K, reserved 1048576K
Event: 6.147 GC heap after
Heap after GC invocations=12 (full 2):
 PSYoungGen      total 149504K, used 12279K [0x00000000e0000000, 0x00000000ea580000, 0x0000000100000000)
  eden space 137216K, 0% used [0x00000000e0000000,0x00000000e0000000,0x00000000e8600000)
  from space 12288K, 99% used [0x00000000e9980000,0x00000000ea57dea8,0x00000000ea580000)
  to   space 14848K, 0% used [0x00000000e8880000,0x00000000e8880000,0x00000000e9700000)
 ParOldGen       total 89088K, used 19037K [0x00000000a0000000, 0x00000000a5700000, 0x00000000e0000000)
  object space 89088K, 21% used [0x00000000a0000000,0x00000000a1297440,0x00000000a5700000)
 Metaspace       used 45073K, capacity 46150K, committed 46336K, reserved 1089536K
  class space    used 6053K, capacity 6351K, committed 6400K, reserved 1048576K
}

