# JRE version: OpenJDK Runtime Environment (8.0_212-b04) (build 1.8.0_212-release-1586-b04)
# Java VM: OpenJDK 64-Bit Server VM (25.212-b04 mixed mode windows-amd64 compressed oops)
Heap:
 PSYoungGen      total 150016K, used 63181K [0x00000000e0000000, 0x00000000ea800000, 0x0000000100000000)
  eden space 137728K, 36% used [0x00000000e0000000,0x00000000e31b8878,0x00000000e8680000)
  from space 12288K, 99% used [0x00000000e9c00000,0x00000000ea7fae88,0x00000000ea800000)
  to   space 14848K, 0% used [0x00000000e8b00000,0x00000000e8b00000,0x00000000e9980000)
 ParOldGen       total 86528K, used 19153K [0x00000000a0000000, 0x00000000a5480000, 0x00000000e0000000)
  object space 86528K, 22% used [0x00000000a0000000,0x00000000a12b4678,0x00000000a5480000)
 Metaspace       used 50130K, capacity 51582K, committed 51752K, reserved 1093632K
  class space    used 6812K, capacity 7180K, committed 7208K, reserved 1048576K
GC Heap History (10 events):
Event: 3.847 GC heap before
{Heap before GC invocations=8 (full 1):
 PSYoungGen      total 75776K, used 65024K [0x00000000e0000000, 0x00000000e5600000, 0x0000000100000000)
  eden space 65024K, 100% used [0x00000000e0000000,0x00000000e3f80000,0x00000000e3f80000)
  from space 10752K, 0% used [0x00000000e4a80000,0x00000000e4a80000,0x00000000e5500000)
  to   space 11264K, 0% used [0x00000000e3f80000,0x00000000e3f80000,0x00000000e4a80000)
 ParOldGen       total 57856K, used 9490K [0x00000000a0000000, 0x00000000a3880000, 0x00000000e0000000)
  object space 57856K, 16% used [0x00000000a0000000,0x00000000a0944aa0,0x00000000a3880000)
 Metaspace       used 29049K, capacity 29570K, committed 29696K, reserved 1075200K
  class space    used 3914K, capacity 4069K, committed 4096K, reserved 1048576K
Event: 3.855 GC heap after
Heap after GC invocations=8 (full 1):
 PSYoungGen      total 76288K, used 8080K [0x00000000e0000000, 0x00000000e7e00000, 0x0000000100000000)
  eden space 65024K, 0% used [0x00000000e0000000,0x00000000e0000000,0x00000000e3f80000)
  from space 11264K, 71% used [0x00000000e3f80000,0x00000000e4764338,0x00000000e4a80000)
  to   space 11264K, 0% used [0x00000000e7300000,0x00000000e7300000,0x00000000e7e00000)
 ParOldGen       total 57856K, used 9498K [0x00000000a0000000, 0x00000000a3880000, 0x00000000e0000000)
  object space 57856K, 16% used [0x00000000a0000000,0x00000000a0946aa0,0x00000000a3880000)
 Metaspace       used 29049K, capacity 29570K, committed 29696K, reserved 1075200K
  class space    used 3914K, capacity 4069K, committed 4096K, reserved 1048576K
}
Event: 4.491 GC heap before
{Heap before GC invocations=9 (full 1):
 PSYoungGen      total 76288K, used 73104K [0x00000000e0000000, 0x00000000e7e00000, 0x0000000100000000)
  eden space 65024K, 100% used [0x00000000e0000000,0x00000000e3f80000,0x00000000e3f80000)
  from space 11264K, 71% used [0x00000000e3f80000,0x00000000e4764338,0x00000000e4a80000)
  to   space 11264K, 0% used [0x00000000e7300000,0x00000000e7300000,0x00000000e7e00000)
 ParOldGen       total 57856K, used 9498K [0x00000000a0000000, 0x00000000a3880000, 0x00000000e0000000)
  object space 57856K, 16% used [0x00000000a0000000,0x00000000a0946aa0,0x00000000a3880000)
 Metaspace       used 32028K, capacity 32544K, committed 32768K, reserved 1077248K
  class space    used 4394K, capacity 4591K, committed 4608K, reserved 1048576K
Event: 4.504 GC heap after
Heap after GC invocations=9 (full 1):
 PSYoungGen      total 117248K, used 8419K [0x00000000e0000000, 0x00000000e8000000, 0x0000000100000000)
  eden space 105984K, 0% used [0x00000000e0000000,0x00000000e0000000,0x00000000e6780000)
  from space 11264K, 74% used [0x00000000e7300000,0x00000000e7b38e30,0x00000000e7e00000)
  to   space 11776K, 0% used [0x00000000e6780000,0x00000000e6780000,0x00000000e7300000)
 ParOldGen       total 57856K, used 9506K [0x00000000a0000000, 0x00000000a3880000, 0x00000000e0000000)
  object space 57856K, 16% used [0x00000000a0000000,0x00000000a0948aa0,0x00000000a3880000)
 Metaspace       used 32028K, capacity 32544K, committed 32768K, reserved 1077248K
  class space    used 4394K, capacity 4591K, committed 4608K, reserved 1048576K
}
Event: 5.132 GC heap before
{Heap before GC invocations=10 (full 1):
 PSYoungGen      total 117248K, used 69878K [0x00000000e0000000, 0x00000000e8000000, 0x0000000100000000)
  eden space 105984K, 57% used [0x00000000e0000000,0x00000000e3c04d78,0x00000000e6780000)
  from space 11264K, 74% used [0x00000000e7300000,0x00000000e7b38e30,0x00000000e7e00000)
  to   space 11776K, 0% used [0x00000000e6780000,0x00000000e6780000,0x00000000e7300000)
 ParOldGen       total 57856K, used 9506K [0x00000000a0000000, 0x00000000a3880000, 0x00000000e0000000)
  object space 57856K, 16% used [0x00000000a0000000,0x00000000a0948aa0,0x00000000a3880000)
 Metaspace       used 34636K, capacity 35438K, committed 35496K, reserved 1079296K
  class space    used 4768K, capacity 5000K, committed 5032K, reserved 1048576K
Event: 5.143 GC heap after
Heap after GC invocations=10 (full 1):
 PSYoungGen      total 117760K, used 10002K [0x00000000e0000000, 0x00000000ea800000, 0x0000000100000000)
  eden space 105984K, 0% used [0x00000000e0000000,0x00000000e0000000,0x00000000e6780000)
  from space 11776K, 84% used [0x00000000e6780000,0x00000000e7144908,0x00000000e7300000)
  to   space 12288K, 0% used [0x00000000e9c00000,0x00000000e9c00000,0x00000000ea800000)
 ParOldGen       total 57856K, used 9514K [0x00000000a0000000, 0x00000000a3880000, 0x00000000e0000000)
  object space 57856K, 16% used [0x00000000a0000000,0x00000000a094aaa0,0x00000000a3880000)
 Metaspace       used 34636K, capacity 35438K, committed 35496K, reserved 1079296K
  class space    used 4768K, capacity 5000K, committed 5032K, reserved 1048576K
}
Event: 5.143 GC heap before
{Heap before GC invocations=11 (full 2):
 PSYoungGen      total 117760K, used 10002K [0x00000000e0000000, 0x00000000ea800000, 0x0000000100000000)
  eden space 105984K, 0% used [0x00000000e0000000,0x00000000e0000000,0x00000000e6780000)
  from space 11776K, 84% used [0x00000000e6780000,0x00000000e7144908,0x00000000e7300000)
  to   space 12288K, 0% used [0x00000000e9c00000,0x00000000e9c00000,0x00000000ea800000)
 ParOldGen       total 57856K, used 9514K [0x00000000a0000000, 0x00000000a3880000, 0x00000000e0000000)
  object space 57856K, 16% used [0x00000000a0000000,0x00000000a094aaa0,0x00000000a3880000)
 Metaspace       used 34636K, capacity 35438K, committed 35496K, reserved 1079296K
  class space    used 4768K, capacity 5000K, committed 5032K, reserved 1048576K
Event: 5.188 GC heap after
Heap after GC invocations=11 (full 2):
 PSYoungGen      total 117760K, used 0K [0x00000000e0000000, 0x00000000ea800000, 0x0000000100000000)
  eden space 105984K, 0% used [0x00000000e0000000,0x00000000e0000000,0x00000000e6780000)
  from space 11776K, 0% used [0x00000000e6780000,0x00000000e6780000,0x00000000e7300000)
  to   space 12288K, 0% used [0x00000000e9c00000,0x00000000e9c00000,0x00000000ea800000)
 ParOldGen       total 86528K, used 16717K [0x00000000a0000000, 0x00000000a5480000, 0x00000000e0000000)
  object space 86528K, 19% used [0x00000000a0000000,0x00000000a10535c0,0x00000000a5480000)
 Metaspace       used 34620K, capacity 35384K, committed 35496K, reserved 1079296K
  class space    used 4763K, capacity 4991K, committed 5032K, reserved 1048576K
}
Event: 6.602 GC heap before
{Heap before GC invocations=12 (full 2):
 PSYoungGen      total 117760K, used 105984K [0x00000000e0000000, 0x00000000ea800000, 0x0000000100000000)
  eden space 105984K, 100% used [0x00000000e0000000,0x00000000e6780000,0x00000000e6780000)
  from space 11776K, 0% used [0x00000000e6780000,0x00000000e6780000,0x00000000e7300000)
  to   space 12288K, 0% used [0x00000000e9c00000,0x00000000e9c00000,0x00000000ea800000)
 ParOldGen       total 86528K, used 16717K [0x00000000a0000000, 0x00000000a5480000, 0x00000000e0000000)
  object space 86528K, 19% used [0x00000000a0000000,0x00000000a10535c0,0x00000000a5480000)
 Metaspace       used 45131K, capacity 46272K, committed 46632K, reserved 1089536K
  class space    used 6067K, capacity 6350K, committed 6440K, reserved 1048576K
Event: 6.616 GC heap after
Heap after GC invocations=12 (full 2):
 PSYoungGen      total 150016K, used 12267K [0x00000000e0000000, 0x00000000ea800000, 0x0000000100000000)
  eden space 137728K, 0% used [0x00000000e0000000,0x00000000e0000000,0x00000000e8680000)
  from space 12288K, 99% used [0x00000000e9c00000,0x00000000ea7fae88,0x00000000ea800000)
  to   space 14848K, 0% used [0x00000000e8b00000,0x00000000e8b00000,0x00000000e9980000)
 ParOldGen       total 86528K, used 19153K [0x00000000a0000000, 0x00000000a5480000, 0x00000000e0000000)
  object space 86528K, 22% used [0x00000000a0000000,0x00000000a12b4678,0x00000000a5480000)
 Metaspace       used 45131K, capacity 46272K, committed 46632K, reserved 1089536K
  class space    used 6067K, capacity 6350K, committed 6440K, reserved 1048576K
}

