# JRE version: OpenJDK Runtime Environment (8.0_212-b04) (build 1.8.0_212-release-1586-b04)
# Java VM: OpenJDK 64-Bit Server VM (25.212-b04 mixed mode windows-amd64 compressed oops)
Heap:
 PSYoungGen      total 236032K, used 125623K [0x00000000e0000000, 0x00000000efc80000, 0x0000000100000000)
  eden space 216064K, 51% used [0x00000000e0000000,0x00000000e6cbb760,0x00000000ed300000)
  from space 19968K, 71% used [0x00000000ee780000,0x00000000ef572720,0x00000000efb00000)
  to   space 20992K, 0% used [0x00000000ed300000,0x00000000ed300000,0x00000000ee780000)
 ParOldGen       total 131584K, used 30591K [0x00000000a0000000, 0x00000000a8080000, 0x00000000e0000000)
  object space 131584K, 23% used [0x00000000a0000000,0x00000000a1ddfd50,0x00000000a8080000)
 Metaspace       used 73876K, capacity 77724K, committed 77952K, reserved 1118208K
  class space    used 10307K, capacity 11127K, committed 11136K, reserved 1048576K
GC Heap History (10 events):
Event: 14.343 GC heap before
{Heap before GC invocations=13 (full 2):
 PSYoungGen      total 147968K, used 147950K [0x00000000e0000000, 0x00000000ea300000, 0x0000000100000000)
  eden space 135680K, 100% used [0x00000000e0000000,0x00000000e8480000,0x00000000e8480000)
  from space 12288K, 99% used [0x00000000e9700000,0x00000000ea2fbb10,0x00000000ea300000)
  to   space 14848K, 0% used [0x00000000e8600000,0x00000000e8600000,0x00000000e9480000)
 ParOldGen       total 89088K, used 19564K [0x00000000a0000000, 0x00000000a5700000, 0x00000000e0000000)
  object space 89088K, 21% used [0x00000000a0000000,0x00000000a131b2f0,0x00000000a5700000)
 Metaspace       used 55966K, capacity 57732K, committed 57856K, reserved 1099776K
  class space    used 7699K, capacity 8093K, committed 8192K, reserved 1048576K
Event: 14.385 GC heap after
Heap after GC invocations=13 (full 2):
 PSYoungGen      total 152064K, used 14839K [0x00000000e0000000, 0x00000000ed180000, 0x0000000100000000)
  eden space 137216K, 0% used [0x00000000e0000000,0x00000000e0000000,0x00000000e8600000)
  from space 14848K, 99% used [0x00000000e8600000,0x00000000e947de08,0x00000000e9480000)
  to   space 18944K, 0% used [0x00000000ebf00000,0x00000000ebf00000,0x00000000ed180000)
 ParOldGen       total 89088K, used 26351K [0x00000000a0000000, 0x00000000a5700000, 0x00000000e0000000)
  object space 89088K, 29% used [0x00000000a0000000,0x00000000a19bbc10,0x00000000a5700000)
 Metaspace       used 55966K, capacity 57732K, committed 57856K, reserved 1099776K
  class space    used 7699K, capacity 8093K, committed 8192K, reserved 1048576K
}
Event: 14.812 GC heap before
{Heap before GC invocations=14 (full 2):
 PSYoungGen      total 152064K, used 36842K [0x00000000e0000000, 0x00000000ed180000, 0x0000000100000000)
  eden space 137216K, 16% used [0x00000000e0000000,0x00000000e157cb68,0x00000000e8600000)
  from space 14848K, 99% used [0x00000000e8600000,0x00000000e947de08,0x00000000e9480000)
  to   space 18944K, 0% used [0x00000000ebf00000,0x00000000ebf00000,0x00000000ed180000)
 ParOldGen       total 89088K, used 26351K [0x00000000a0000000, 0x00000000a5700000, 0x00000000e0000000)
  object space 89088K, 29% used [0x00000000a0000000,0x00000000a19bbc10,0x00000000a5700000)
 Metaspace       used 57005K, capacity 58998K, committed 59096K, reserved 1099776K
  class space    used 7888K, capacity 8308K, committed 8320K, reserved 1048576K
Event: 14.830 GC heap after
Heap after GC invocations=14 (full 2):
 PSYoungGen      total 195072K, used 3002K [0x00000000e0000000, 0x00000000edd00000, 0x0000000100000000)
  eden space 176128K, 0% used [0x00000000e0000000,0x00000000e0000000,0x00000000eac00000)
  from space 18944K, 15% used [0x00000000ebf00000,0x00000000ec1ee9d8,0x00000000ed180000)
  to   space 19456K, 0% used [0x00000000eac00000,0x00000000eac00000,0x00000000ebf00000)
 ParOldGen       total 89088K, used 34355K [0x00000000a0000000, 0x00000000a5700000, 0x00000000e0000000)
  object space 89088K, 38% used [0x00000000a0000000,0x00000000a218cf80,0x00000000a5700000)
 Metaspace       used 57005K, capacity 58998K, committed 59096K, reserved 1099776K
  class space    used 7888K, capacity 8308K, committed 8320K, reserved 1048576K
}
Event: 14.830 GC heap before
{Heap before GC invocations=15 (full 3):
 PSYoungGen      total 195072K, used 3002K [0x00000000e0000000, 0x00000000edd00000, 0x0000000100000000)
  eden space 176128K, 0% used [0x00000000e0000000,0x00000000e0000000,0x00000000eac00000)
  from space 18944K, 15% used [0x00000000ebf00000,0x00000000ec1ee9d8,0x00000000ed180000)
  to   space 19456K, 0% used [0x00000000eac00000,0x00000000eac00000,0x00000000ebf00000)
 ParOldGen       total 89088K, used 34355K [0x00000000a0000000, 0x00000000a5700000, 0x00000000e0000000)
  object space 89088K, 38% used [0x00000000a0000000,0x00000000a218cf80,0x00000000a5700000)
 Metaspace       used 57005K, capacity 58998K, committed 59096K, reserved 1099776K
  class space    used 7888K, capacity 8308K, committed 8320K, reserved 1048576K
Event: 15.165 GC heap after
Heap after GC invocations=15 (full 3):
 PSYoungGen      total 195072K, used 0K [0x00000000e0000000, 0x00000000edd00000, 0x0000000100000000)
  eden space 176128K, 0% used [0x00000000e0000000,0x00000000e0000000,0x00000000eac00000)
  from space 18944K, 0% used [0x00000000ebf00000,0x00000000ebf00000,0x00000000ed180000)
  to   space 19456K, 0% used [0x00000000eac00000,0x00000000eac00000,0x00000000ebf00000)
 ParOldGen       total 131584K, used 30570K [0x00000000a0000000, 0x00000000a8080000, 0x00000000e0000000)
  object space 131584K, 23% used [0x00000000a0000000,0x00000000a1ddabd8,0x00000000a8080000)
 Metaspace       used 56878K, capacity 58648K, committed 59096K, reserved 1099776K
  class space    used 7849K, capacity 8239K, committed 8320K, reserved 1048576K
}
Event: 17.870 GC heap before
{Heap before GC invocations=16 (full 3):
 PSYoungGen      total 195072K, used 176128K [0x00000000e0000000, 0x00000000edd00000, 0x0000000100000000)
  eden space 176128K, 100% used [0x00000000e0000000,0x00000000eac00000,0x00000000eac00000)
  from space 18944K, 0% used [0x00000000ebf00000,0x00000000ebf00000,0x00000000ed180000)
  to   space 19456K, 0% used [0x00000000eac00000,0x00000000eac00000,0x00000000ebf00000)
 ParOldGen       total 131584K, used 30571K [0x00000000a0000000, 0x00000000a8080000, 0x00000000e0000000)
  object space 131584K, 23% used [0x00000000a0000000,0x00000000a1ddac38,0x00000000a8080000)
 Metaspace       used 64640K, capacity 67146K, committed 67328K, reserved 1107968K
  class space    used 8874K, capacity 9410K, committed 9472K, reserved 1048576K
Event: 17.903 GC heap after
Heap after GC invocations=16 (full 3):
 PSYoungGen      total 195584K, used 13862K [0x00000000e0000000, 0x00000000efb00000, 0x0000000100000000)
  eden space 176128K, 0% used [0x00000000e0000000,0x00000000e0000000,0x00000000eac00000)
  from space 19456K, 71% used [0x00000000eac00000,0x00000000eb989980,0x00000000ebf00000)
  to   space 19968K, 0% used [0x00000000ee780000,0x00000000ee780000,0x00000000efb00000)
 ParOldGen       total 131584K, used 30579K [0x00000000a0000000, 0x00000000a8080000, 0x00000000e0000000)
  object space 131584K, 23% used [0x00000000a0000000,0x00000000a1ddcc38,0x00000000a8080000)
 Metaspace       used 64640K, capacity 67146K, committed 67328K, reserved 1107968K
  class space    used 8874K, capacity 9410K, committed 9472K, reserved 1048576K
}
Event: 19.035 GC heap before
{Heap before GC invocations=17 (full 3):
 PSYoungGen      total 195584K, used 189990K [0x00000000e0000000, 0x00000000efb00000, 0x0000000100000000)
  eden space 176128K, 100% used [0x00000000e0000000,0x00000000eac00000,0x00000000eac00000)
  from space 19456K, 71% used [0x00000000eac00000,0x00000000eb989980,0x00000000ebf00000)
  to   space 19968K, 0% used [0x00000000ee780000,0x00000000ee780000,0x00000000efb00000)
 ParOldGen       total 131584K, used 30583K [0x00000000a0000000, 0x00000000a8080000, 0x00000000e0000000)
  object space 131584K, 23% used [0x00000000a0000000,0x00000000a1dddd50,0x00000000a8080000)
 Metaspace       used 67531K, capacity 70350K, committed 70656K, reserved 1110016K
  class space    used 9292K, capacity 9904K, committed 9984K, reserved 1048576K
Event: 19.054 GC heap after
Heap after GC invocations=17 (full 3):
 PSYoungGen      total 236032K, used 14281K [0x00000000e0000000, 0x00000000efc80000, 0x0000000100000000)
  eden space 216064K, 0% used [0x00000000e0000000,0x00000000e0000000,0x00000000ed300000)
  from space 19968K, 71% used [0x00000000ee780000,0x00000000ef572720,0x00000000efb00000)
  to   space 20992K, 0% used [0x00000000ed300000,0x00000000ed300000,0x00000000ee780000)
 ParOldGen       total 131584K, used 30591K [0x00000000a0000000, 0x00000000a8080000, 0x00000000e0000000)
  object space 131584K, 23% used [0x00000000a0000000,0x00000000a1ddfd50,0x00000000a8080000)
 Metaspace       used 67531K, capacity 70350K, committed 70656K, reserved 1110016K
  class space    used 9292K, capacity 9904K, committed 9984K, reserved 1048576K
}

