# JRE version: OpenJDK Runtime Environment (8.0_212-b04) (build 1.8.0_212-release-1586-b04)
# Java VM: OpenJDK 64-Bit Server VM (25.212-b04 mixed mode windows-amd64 compressed oops)
Heap:
 PSYoungGen      total 197632K, used 36113K [0x00000000e0000000, 0x00000000ee880000, 0x0000000100000000)
  eden space 177664K, 15% used [0x00000000e0000000,0x00000000e1a9ee60,0x00000000ead80000)
  from space 19968K, 44% used [0x00000000ead80000,0x00000000eb625798,0x00000000ec100000)
  to   space 19456K, 0% used [0x00000000ec100000,0x00000000ec100000,0x00000000ed400000)
 ParOldGen       total 123392K, used 48649K [0x00000000a0000000, 0x00000000a7880000, 0x00000000e0000000)
  object space 123392K, 39% used [0x00000000a0000000,0x00000000a2f82590,0x00000000a7880000)
 Metaspace       used 70611K, capacity 75347K, committed 75352K, reserved 1116160K
  class space    used 10000K, capacity 11091K, committed 11096K, reserved 1048576K
GC Heap History (10 events):
Event: 15.455 GC heap before
{Heap before GC invocations=14 (full 2):
 PSYoungGen      total 160256K, used 32743K [0x00000000e0000000, 0x00000000ed400000, 0x0000000100000000)
  eden space 145408K, 12% used [0x00000000e0000000,0x00000000e1180a40,0x00000000e8e00000)
  from space 14848K, 99% used [0x00000000e8e00000,0x00000000e9c795b0,0x00000000e9c80000)
  to   space 19456K, 0% used [0x00000000ec100000,0x00000000ec100000,0x00000000ed400000)
 ParOldGen       total 84480K, used 27170K [0x00000000a0000000, 0x00000000a5280000, 0x00000000e0000000)
  object space 84480K, 32% used [0x00000000a0000000,0x00000000a1a88a70,0x00000000a5280000)
 Metaspace       used 57055K, capacity 59052K, committed 59096K, reserved 1099776K
  class space    used 7895K, capacity 8369K, committed 8408K, reserved 1048576K
Event: 15.470 GC heap after
Heap after GC invocations=14 (full 2):
 PSYoungGen      total 197120K, used 1978K [0x00000000e0000000, 0x00000000ee880000, 0x0000000100000000)
  eden space 177664K, 0% used [0x00000000e0000000,0x00000000e0000000,0x00000000ead80000)
  from space 19456K, 10% used [0x00000000ec100000,0x00000000ec2ee9d8,0x00000000ed400000)
  to   space 19968K, 0% used [0x00000000ead80000,0x00000000ead80000,0x00000000ec100000)
 ParOldGen       total 84480K, used 35924K [0x00000000a0000000, 0x00000000a5280000, 0x00000000e0000000)
  object space 84480K, 42% used [0x00000000a0000000,0x00000000a23151e0,0x00000000a5280000)
 Metaspace       used 57055K, capacity 59052K, committed 59096K, reserved 1099776K
  class space    used 7895K, capacity 8369K, committed 8408K, reserved 1048576K
}
Event: 15.470 GC heap before
{Heap before GC invocations=15 (full 3):
 PSYoungGen      total 197120K, used 1978K [0x00000000e0000000, 0x00000000ee880000, 0x0000000100000000)
  eden space 177664K, 0% used [0x00000000e0000000,0x00000000e0000000,0x00000000ead80000)
  from space 19456K, 10% used [0x00000000ec100000,0x00000000ec2ee9d8,0x00000000ed400000)
  to   space 19968K, 0% used [0x00000000ead80000,0x00000000ead80000,0x00000000ec100000)
 ParOldGen       total 84480K, used 35924K [0x00000000a0000000, 0x00000000a5280000, 0x00000000e0000000)
  object space 84480K, 42% used [0x00000000a0000000,0x00000000a23151e0,0x00000000a5280000)
 Metaspace       used 57055K, capacity 59052K, committed 59096K, reserved 1099776K
  class space    used 7895K, capacity 8369K, committed 8408K, reserved 1048576K
Event: 15.795 GC heap after
Heap after GC invocations=15 (full 3):
 PSYoungGen      total 197120K, used 0K [0x00000000e0000000, 0x00000000ee880000, 0x0000000100000000)
  eden space 177664K, 0% used [0x00000000e0000000,0x00000000e0000000,0x00000000ead80000)
  from space 19456K, 0% used [0x00000000ec100000,0x00000000ec100000,0x00000000ed400000)
  to   space 19968K, 0% used [0x00000000ead80000,0x00000000ead80000,0x00000000ec100000)
 ParOldGen       total 123392K, used 30456K [0x00000000a0000000, 0x00000000a7880000, 0x00000000e0000000)
  object space 123392K, 24% used [0x00000000a0000000,0x00000000a1dbe090,0x00000000a7880000)
 Metaspace       used 56933K, capacity 58712K, committed 59096K, reserved 1099776K
  class space    used 7858K, capacity 8303K, committed 8408K, reserved 1048576K
}
Event: 19.390 GC heap before
{Heap before GC invocations=16 (full 3):
 PSYoungGen      total 197120K, used 177664K [0x00000000e0000000, 0x00000000ee880000, 0x0000000100000000)
  eden space 177664K, 100% used [0x00000000e0000000,0x00000000ead80000,0x00000000ead80000)
  from space 19456K, 0% used [0x00000000ec100000,0x00000000ec100000,0x00000000ed400000)
  to   space 19968K, 0% used [0x00000000ead80000,0x00000000ead80000,0x00000000ec100000)
 ParOldGen       total 123392K, used 30456K [0x00000000a0000000, 0x00000000a7880000, 0x00000000e0000000)
  object space 123392K, 24% used [0x00000000a0000000,0x00000000a1dbe090,0x00000000a7880000)
 Metaspace       used 60913K, capacity 63664K, committed 63832K, reserved 1103872K
  class space    used 8365K, capacity 8957K, committed 9048K, reserved 1048576K
Event: 19.411 GC heap after
Heap after GC invocations=16 (full 3):
 PSYoungGen      total 197632K, used 13011K [0x00000000e0000000, 0x00000000ee880000, 0x0000000100000000)
  eden space 177664K, 0% used [0x00000000e0000000,0x00000000e0000000,0x00000000ead80000)
  from space 19968K, 65% used [0x00000000ead80000,0x00000000eba34d38,0x00000000ec100000)
  to   space 19456K, 0% used [0x00000000ec100000,0x00000000ec100000,0x00000000ed400000)
 ParOldGen       total 123392K, used 30464K [0x00000000a0000000, 0x00000000a7880000, 0x00000000e0000000)
  object space 123392K, 24% used [0x00000000a0000000,0x00000000a1dc0090,0x00000000a7880000)
 Metaspace       used 60913K, capacity 63664K, committed 63832K, reserved 1103872K
  class space    used 8365K, capacity 8957K, committed 9048K, reserved 1048576K
}
Event: 21.205 GC heap before
{Heap before GC invocations=17 (full 3):
 PSYoungGen      total 197632K, used 190675K [0x00000000e0000000, 0x00000000ee880000, 0x0000000100000000)
  eden space 177664K, 100% used [0x00000000e0000000,0x00000000ead80000,0x00000000ead80000)
  from space 19968K, 65% used [0x00000000ead80000,0x00000000eba34d38,0x00000000ec100000)
  to   space 19456K, 0% used [0x00000000ec100000,0x00000000ec100000,0x00000000ed400000)
 ParOldGen       total 123392K, used 30464K [0x00000000a0000000, 0x00000000a7880000, 0x00000000e0000000)
  object space 123392K, 24% used [0x00000000a0000000,0x00000000a1dc0090,0x00000000a7880000)
 Metaspace       used 70135K, capacity 74877K, committed 75096K, reserved 1116160K
  class space    used 9983K, capacity 11050K, committed 11096K, reserved 1048576K
Event: 21.246 GC heap after
Heap after GC invocations=17 (full 3):
 PSYoungGen      total 197120K, used 19444K [0x00000000e0000000, 0x00000000ee880000, 0x0000000100000000)
  eden space 177664K, 0% used [0x00000000e0000000,0x00000000e0000000,0x00000000ead80000)
  from space 19456K, 99% used [0x00000000ec100000,0x00000000ed3fd1d0,0x00000000ed400000)
  to   space 19968K, 0% used [0x00000000ead80000,0x00000000ead80000,0x00000000ec100000)
 ParOldGen       total 123392K, used 35219K [0x00000000a0000000, 0x00000000a7880000, 0x00000000e0000000)
  object space 123392K, 28% used [0x00000000a0000000,0x00000000a2264db0,0x00000000a7880000)
 Metaspace       used 70135K, capacity 74877K, committed 75096K, reserved 1116160K
  class space    used 9983K, capacity 11050K, committed 11096K, reserved 1048576K
}
Event: 22.134 GC heap before
{Heap before GC invocations=18 (full 3):
 PSYoungGen      total 197120K, used 197108K [0x00000000e0000000, 0x00000000ee880000, 0x0000000100000000)
  eden space 177664K, 100% used [0x00000000e0000000,0x00000000ead80000,0x00000000ead80000)
  from space 19456K, 99% used [0x00000000ec100000,0x00000000ed3fd1d0,0x00000000ed400000)
  to   space 19968K, 0% used [0x00000000ead80000,0x00000000ead80000,0x00000000ec100000)
 ParOldGen       total 123392K, used 35219K [0x00000000a0000000, 0x00000000a7880000, 0x00000000e0000000)
  object space 123392K, 28% used [0x00000000a0000000,0x00000000a2264db0,0x00000000a7880000)
 Metaspace       used 70611K, capacity 75347K, committed 75352K, reserved 1116160K
  class space    used 10000K, capacity 11091K, committed 11096K, reserved 1048576K
Event: 22.179 GC heap after
Heap after GC invocations=18 (full 3):
 PSYoungGen      total 197632K, used 8853K [0x00000000e0000000, 0x00000000ee880000, 0x0000000100000000)
  eden space 177664K, 0% used [0x00000000e0000000,0x00000000e0000000,0x00000000ead80000)
  from space 19968K, 44% used [0x00000000ead80000,0x00000000eb625798,0x00000000ec100000)
  to   space 19456K, 0% used [0x00000000ec100000,0x00000000ec100000,0x00000000ed400000)
 ParOldGen       total 123392K, used 48649K [0x00000000a0000000, 0x00000000a7880000, 0x00000000e0000000)
  object space 123392K, 39% used [0x00000000a0000000,0x00000000a2f82590,0x00000000a7880000)
 Metaspace       used 70611K, capacity 75347K, committed 75352K, reserved 1116160K
  class space    used 10000K, capacity 11091K, committed 11096K, reserved 1048576K
}

